<?xml version="1.0" encoding="UTF-8"?>
<!-- Generated by org.testng.reporters.JUnitReportReporter -->
<testsuite hostname="ASUS" failures="0" tests="1" name="book.EmailFriend" time="9.543" errors="0" timestamp="2024-10-12T23:59:25 IST" skipped="0">
  <testcase classname="book.EmailFriend" name="Email" time="9.543"/>
  <system-out/>
</testsuite> <!-- book.EmailFriend -->
