<?xml version="1.0" encoding="UTF-8"?>
<!-- Generated by org.testng.reporters.JUnitReportReporter -->
<testsuite hostname="ASUS" failures="0" tests="1" name="signinsignout.Login" time="2.071" errors="0" timestamp="2024-10-12T00:11:02 IST" skipped="0">
  <testcase classname="signinsignout.Login" name="VerifyLoginWithCorrectUsername" time="2.071"/>
  <system-out/>
</testsuite> <!-- signinsignout.Login -->
