<?xml version="1.0" encoding="UTF-8"?>
<!-- Generated by org.testng.reporters.JUnitReportReporter -->
<testsuite hostname="ASUS" failures="0" tests="4" name="logintest.Login" time="12.370" errors="0" timestamp="2025-01-03T23:29:55 IST" skipped="0">
  <testcase classname="logintest.Login" name="VerifyLogin" time="2.618"/>
  <system-out/>
  <testcase classname="logintest.Login" name="VerifyAddBookCart" time="4.501"/>
  <system-out/>
  <testcase classname="logintest.Login" name="VerifyComputerCart" time="4.159"/>
  <system-out/>
  <testcase classname="logintest.Login" name="VerifyLogout" time="1.092"/>
  <system-out/>
</testsuite> <!-- logintest.Login -->
