<?xml version="1.0" encoding="UTF-8"?>
<!-- Generated by org.testng.reporters.JUnitReportReporter -->
<testsuite hostname="ASUS" failures="0" tests="1" name="computer.DesktopAddToCart" time="7.832" errors="0" timestamp="2024-10-15T22:50:13 IST" skipped="0">
  <testcase classname="computer.DesktopAddToCart" name="VerifyDesktopAddToCart" time="7.832"/>
  <system-out/>
</testsuite> <!-- computer.DesktopAddToCart -->
