<?xml version="1.0" encoding="UTF-8"?>
<!-- Generated by org.testng.reporters.JUnitReportReporter -->
<testsuite hostname="ASUS" failures="0" tests="1" name="userregister.RegisterUser" time="3.187" errors="0" timestamp="2024-10-12T10:42:56 IST" skipped="0">
  <testcase classname="userregister.RegisterUser" name="VerifyRegister" time="3.187"/>
  <system-out/>
</testsuite> <!-- userregister.RegisterUser -->
